<?xml version="1.0" encoding="UTF-8"?>
<!-- Generated by org.testng.reporters.JUnitReportReporter -->
<testsuite hostname="LAPTOP-H7R7DK85" failures="0" tests="1" name="testNGImplementation.CreateAndDuplicateLeadTest" time="31.710" errors="0" timestamp="27 Oct 2022 06:19:39 GMT">
  <testcase classname="testNGImplementation.CreateAndDuplicateLeadTest" name="createAndDuplicateLeadTest" time="31.710"/>
</testsuite> <!-- testNGImplementation.CreateAndDuplicateLeadTest -->
