<?xml version="1.0" encoding="UTF-8"?>
<!-- Generated by org.testng.reporters.JUnitReportReporter -->
<testsuite hostname="LAPTOP-H7R7DK85" failures="0" tests="1" name="testNGImplementation.CreateAndDuplicateLeadTest" time="32.242" errors="0" timestamp="3 Nov 2022 05:39:02 GMT">
  <testcase classname="testNGImplementation.CreateAndDuplicateLeadTest" name="createAndDuplicateLeadTest" time="32.242"/>
</testsuite> <!-- testNGImplementation.CreateAndDuplicateLeadTest -->
