<?xml version="1.0" encoding="UTF-8"?>
<!-- Generated by org.testng.reporters.JUnitReportReporter -->
<testsuite hostname="LAPTOP-H7R7DK85" failures="0" tests="1" name="testNGImplementation.CreateAndDuplicateLeadTest" time="31.158" errors="0" timestamp="4 Nov 2022 08:25:08 GMT">
  <testcase classname="testNGImplementation.CreateAndDuplicateLeadTest" name="createAndDuplicateLeadTest" time="31.158"/>
</testsuite> <!-- testNGImplementation.CreateAndDuplicateLeadTest -->
