<?xml version="1.0" encoding="UTF-8"?>
<!-- Generated by org.testng.reporters.JUnitReportReporter -->
<testsuite hostname="LAPTOP-H7R7DK85" failures="0" tests="1" name="testNGImplementation.CreateContactTest" time="29.982" errors="0" timestamp="27 Oct 2022 06:18:50 GMT">
  <testcase classname="testNGImplementation.CreateContactTest" name="createContactTest" time="29.982"/>
</testsuite> <!-- testNGImplementation.CreateContactTest -->
