<?xml version="1.0" encoding="UTF-8"?>
<!-- Generated by org.testng.reporters.JUnitReportReporter -->
<testsuite hostname="LAPTOP-H7R7DK85" failures="0" tests="1" name="testNGImplementation.CreateOrganizationTest" time="46.010" errors="0" timestamp="28 Oct 2022 02:50:44 GMT">
  <testcase classname="testNGImplementation.CreateOrganizationTest" name="createOrganizationTest" time="46.010"/>
</testsuite> <!-- testNGImplementation.CreateOrganizationTest -->
